c:\users\fran\source\repos\sebaarossi\tp3_eda\tp3-g2\debug\vc141.pdb
c:\users\fran\source\repos\sebaarossi\tp3_eda\tp3-g2\debug\vc141.idb
c:\users\fran\source\repos\sebaarossi\tp3_eda\tp3-g2\debug\parsecmdline.obj
c:\users\fran\source\repos\sebaarossi\tp3_eda\tp3-g2\debug\bird.obj
c:\users\fran\source\repos\sebaarossi\tp3_eda\tp3-g2\debug\main.obj
c:\users\fran\source\repos\sebaarossi\tp3_eda\tp3-g2\debug\allegro.obj
c:\users\fran\source\repos\sebaarossi\tp3_eda\tp3-g2\debug\tp3-g2.exe
c:\users\fran\source\repos\sebaarossi\tp3_eda\tp3-g2\debug\tp3-g2.ilk
c:\users\fran\source\repos\sebaarossi\tp3_eda\tp3-g2\debug\tp3-g2.pdb
c:\users\agustín m\source\repos\tp3_eda\tp3-g2\debug\allegro.obj
c:\users\agustín m\source\repos\tp3_eda\tp3-g2\debug\bird.obj
c:\users\agustín m\source\repos\tp3_eda\tp3-g2\debug\main.obj
c:\users\agustín m\source\repos\tp3_eda\tp3-g2\debug\parsecmdline.obj
c:\users\agustín m\source\repos\tp3_eda\tp3-g2\debug\tp3-g2.ilk
c:\users\agustín m\source\repos\tp3_eda\tp3-g2\debug\vc141.idb
c:\users\agustín m\source\repos\tp3_eda\tp3-g2\debug\tp3-g2.pdb
c:\users\agustín m\source\repos\tp3_eda\tp3-g2\debug\vc141.pdb
c:\users\agustín m\source\repos\tp3_eda\tp3-g2\debug\tp3-g2.exe
c:\users\agustín m\source\repos\tp3_eda\tp3-g2\debug\tp3-g2.tlog\cl.command.1.tlog
c:\users\agustín m\source\repos\tp3_eda\tp3-g2\debug\tp3-g2.tlog\cl.read.1.tlog
c:\users\agustín m\source\repos\tp3_eda\tp3-g2\debug\tp3-g2.tlog\cl.write.1.tlog
c:\users\agustín m\source\repos\tp3_eda\tp3-g2\debug\tp3-g2.tlog\link.command.1.tlog
c:\users\agustín m\source\repos\tp3_eda\tp3-g2\debug\tp3-g2.tlog\link.read.1.tlog
c:\users\agustín m\source\repos\tp3_eda\tp3-g2\debug\tp3-g2.tlog\link.write.1.tlog
